INFO [2020-10-02 11:40:09] [[1]]
INFO [2020-10-02 11:40:09] input
INFO [2020-10-02 11:40:09] 
INFO [2020-10-02 11:40:09] $filename
INFO [2020-10-02 11:40:09] filename
INFO [2020-10-02 11:40:09] 
INFO [2020-10-02 11:40:09] $imagetype
INFO [2020-10-02 11:40:09] [1] "png"
INFO [2020-10-02 11:40:09] 
INFO [2020-10-02 11:40:09] $cat.cex
INFO [2020-10-02 11:40:09] [1] 1.2
INFO [2020-10-02 11:40:09] 
INFO [2020-10-02 11:40:09] $cex
INFO [2020-10-02 11:40:09] [1] 2
INFO [2020-10-02 11:40:09] 
INFO [2020-10-02 11:40:09] $fill
INFO [2020-10-02 11:40:09] c(color1, color2, color3)
INFO [2020-10-02 11:40:09] 
INFO [2020-10-02 11:40:09] $category.names
INFO [2020-10-02 11:40:09] c(n1, n2, n3)
INFO [2020-10-02 11:40:09] 
INFO [2020-10-02 11:40:09] $col
INFO [2020-10-02 11:40:09] c(color1, color2, color3)
INFO [2020-10-02 11:40:09] 
INFO [2020-10-02 11:40:09] $euler.d
INFO [2020-10-02 11:40:09] [1] FALSE
INFO [2020-10-02 11:40:09] 
INFO [2020-10-02 11:40:09] $scaled
INFO [2020-10-02 11:40:09] [1] FALSE
INFO [2020-10-02 11:40:09] 
