INFO [2020-10-02 11:40:15] [[1]]
INFO [2020-10-02 11:40:15] input
INFO [2020-10-02 11:40:15] 
INFO [2020-10-02 11:40:15] $filename
INFO [2020-10-02 11:40:15] filename
INFO [2020-10-02 11:40:15] 
INFO [2020-10-02 11:40:15] $imagetype
INFO [2020-10-02 11:40:15] [1] "png"
INFO [2020-10-02 11:40:15] 
INFO [2020-10-02 11:40:15] $cat.cex
INFO [2020-10-02 11:40:15] [1] 1.1
INFO [2020-10-02 11:40:15] 
INFO [2020-10-02 11:40:15] $cex
INFO [2020-10-02 11:40:15] [1] 2
INFO [2020-10-02 11:40:15] 
INFO [2020-10-02 11:40:15] $fill
INFO [2020-10-02 11:40:15] c(color1, color2, color3)
INFO [2020-10-02 11:40:15] 
INFO [2020-10-02 11:40:15] $category.names
INFO [2020-10-02 11:40:15] c(n1, n2, n3)
INFO [2020-10-02 11:40:15] 
INFO [2020-10-02 11:40:15] $col
INFO [2020-10-02 11:40:15] c(color1, color2, color3)
INFO [2020-10-02 11:40:15] 
INFO [2020-10-02 11:40:15] $euler.d
INFO [2020-10-02 11:40:15] [1] FALSE
INFO [2020-10-02 11:40:15] 
INFO [2020-10-02 11:40:15] $scaled
INFO [2020-10-02 11:40:15] [1] FALSE
INFO [2020-10-02 11:40:15] 
